<?xml version="1.0" encoding="UTF-8"?>
<!-- Generated by org.testng.reporters.JUnitXMLReporter -->
<testsuite ignored="0" hostname="LAPTOP-DHR1V4R7" failures="0" tests="3" name="Default test" time="12.254" errors="0" timestamp="2021-08-14T15:20:55 IST">
  <testcase classname="testCases.LargeCapTest" name="largeCapTest" time="1.173"/>
  <testcase classname="testCases.LargeCapTest" name="largeCapTest" time="1.025"/>
  <testcase classname="testCases.LargeCapTest" name="largeCapTest" time="0.999"/>
</testsuite> <!-- Default test -->
