<?xml version="1.0" encoding="UTF-8"?>
<testng-results ignored="0" total="3" passed="3" failed="0" skipped="0">
  <reporter-output>
  </reporter-output>
  <suite started-at="2021-08-14T15:20:43 IST" name="Default suite" finished-at="2021-08-14T15:20:55 IST" duration-ms="12254">
    <groups>
    </groups>
    <test started-at="2021-08-14T15:20:43 IST" name="Default test" finished-at="2021-08-14T15:20:55 IST" duration-ms="12254">
      <class name="testCases.LargeCapTest">
        <test-method is-config="true" signature="setUp()[pri:0, instance:testCases.LargeCapTest@70ab2d48]" started-at="2021-08-14T15:20:42 IST" name="setUp" finished-at="2021-08-14T15:20:43 IST" duration-ms="624" status="PASS">
          <reporter-output>
          </reporter-output>
        </test-method> <!-- setUp -->
        <test-method is-config="true" signature="loginToScreen()[pri:0, instance:testCases.LargeCapTest@70ab2d48]" started-at="2021-08-14T15:20:43 IST" name="loginToScreen" finished-at="2021-08-14T15:20:46 IST" duration-ms="3645" status="PASS">
          <reporter-output>
          </reporter-output>
        </test-method> <!-- loginToScreen -->
        <test-method signature="largeCapTest(java.util.Hashtable)[pri:1, instance:testCases.LargeCapTest@70ab2d48]" started-at="2021-08-14T15:20:46 IST" name="largeCapTest" data-provider="dp" finished-at="2021-08-14T15:20:48 IST" duration-ms="1173" status="PASS">
          <params>
            <param index="0">
              <value>
                <![CDATA[{RowNum=2, PE=, ROE=, promoter hold=, ROCE=, Debt to eq=, Stock=HDFC bank, rowNum=2, market cap=}]]>
              </value>
            </param>
          </params>
          <reporter-output>
          </reporter-output>
        </test-method> <!-- largeCapTest -->
        <test-method is-config="true" signature="loginToScreen()[pri:0, instance:testCases.LargeCapTest@70ab2d48]" started-at="2021-08-14T15:20:48 IST" name="loginToScreen" finished-at="2021-08-14T15:20:50 IST" duration-ms="2537" status="PASS">
          <reporter-output>
          </reporter-output>
        </test-method> <!-- loginToScreen -->
        <test-method signature="largeCapTest(java.util.Hashtable)[pri:1, instance:testCases.LargeCapTest@70ab2d48]" started-at="2021-08-14T15:20:50 IST" name="largeCapTest" data-provider="dp" finished-at="2021-08-14T15:20:51 IST" duration-ms="1025" status="PASS">
          <params>
            <param index="0">
              <value>
                <![CDATA[{RowNum=3, PE=, ROE=, promoter hold=, ROCE=, Debt to eq=, Stock=TCS, rowNum=3, market cap=}]]>
              </value>
            </param>
          </params>
          <reporter-output>
          </reporter-output>
        </test-method> <!-- largeCapTest -->
        <test-method is-config="true" signature="loginToScreen()[pri:0, instance:testCases.LargeCapTest@70ab2d48]" started-at="2021-08-14T15:20:51 IST" name="loginToScreen" finished-at="2021-08-14T15:20:54 IST" duration-ms="2821" status="PASS">
          <reporter-output>
          </reporter-output>
        </test-method> <!-- loginToScreen -->
        <test-method signature="largeCapTest(java.util.Hashtable)[pri:1, instance:testCases.LargeCapTest@70ab2d48]" started-at="2021-08-14T15:20:54 IST" name="largeCapTest" data-provider="dp" finished-at="2021-08-14T15:20:55 IST" duration-ms="999" status="PASS">
          <params>
            <param index="0">
              <value>
                <![CDATA[{RowNum=4, PE=, ROE=, promoter hold=, ROCE=, Debt to eq=, Stock=Reliance, rowNum=4, market cap=}]]>
              </value>
            </param>
          </params>
          <reporter-output>
          </reporter-output>
        </test-method> <!-- largeCapTest -->
      </class> <!-- testCases.LargeCapTest -->
    </test> <!-- Default test -->
  </suite> <!-- Default suite -->
</testng-results>
